<?xml version="1.0" encoding="UTF-8"?>
<!-- Generated by org.testng.reporters.JUnitXMLReporter -->
<testsuite ignored="0" hostname="Sakthi" failures="0" tests="13" name="Default test" time="0.197" errors="0" timestamp="2025-09-22T20:34:14 IST">
  <testcase classname="PageObjectTest.DemoBlazeTestNG" name="@BeforeTest launchChromeBrowser" time="-1.758553454355E9">
    <failure type="org.testng.TestNGException" message="
Parameter &amp;apos;viewMode&amp;apos; is required by BeforeTest on method launchChromeBrowser but has not been marked @Optional or defined
in C:\Users\srisa\AppData\Local\Temp\testng-eclipse--1923653148\testng-customsuite.xml">
      <![CDATA[org.testng.TestNGException: 
Parameter 'viewMode' is required by BeforeTest on method launchChromeBrowser but has not been marked @Optional or defined
in C:\Users\srisa\AppData\Local\Temp\testng-eclipse--1923653148\testng-customsuite.xml
at org.testng.internal.Parameters.createParams(Parameters.java:264)
at org.testng.internal.Parameters.createParametersForMethod(Parameters.java:352)
at org.testng.internal.Parameters.createParameters(Parameters.java:690)
at org.testng.internal.Parameters.createConfigurationParameters(Parameters.java:163)
at org.testng.internal.invokers.ConfigInvoker.invokeConfigurations(ConfigInvoker.java:313)
at org.testng.TestRunner.invokeTestConfigurations(TestRunner.java:657)
at org.testng.TestRunner.beforeRun(TestRunner.java:646)
at org.testng.TestRunner.run(TestRunner.java:612)
at org.testng.SuiteRunner.runTest(SuiteRunner.java:421)
at org.testng.SuiteRunner.runSequentially(SuiteRunner.java:413)
at org.testng.SuiteRunner.privateRun(SuiteRunner.java:373)
at org.testng.SuiteRunner.run(SuiteRunner.java:312)
at org.testng.SuiteRunnerWorker.runSuite(SuiteRunnerWorker.java:52)
at org.testng.SuiteRunnerWorker.run(SuiteRunnerWorker.java:95)
at org.testng.TestNG.runSuitesSequentially(TestNG.java:1274)
at org.testng.TestNG.runSuitesLocally(TestNG.java:1208)
at org.testng.TestNG.runSuites(TestNG.java:1112)
at org.testng.TestNG.run(TestNG.java:1079)
at org.testng.remote.AbstractRemoteTestNG.run(AbstractRemoteTestNG.java:115)
at org.testng.remote.RemoteTestNG.initAndRun(RemoteTestNG.java:293)
at org.testng.remote.RemoteTestNG.main(RemoteTestNG.java:91)
]]>
    </failure>
  </testcase> <!-- @BeforeTest launchChromeBrowser -->
  <testcase classname="PageObjectTest.DemoBlazeTestNG" name="@BeforeMethod getUrl" time="0.0">
    <skipped/>
  </testcase> <!-- @BeforeMethod getUrl -->
  <testcase classname="PageObjectTest.DemoBlazeTestNG" name="@BeforeMethod getUrl" time="0.0">
    <skipped/>
  </testcase> <!-- @BeforeMethod getUrl -->
  <testcase classname="PageObjectTest.DemoBlazeTestNG" name="@BeforeMethod getUrl" time="0.0">
    <skipped/>
  </testcase> <!-- @BeforeMethod getUrl -->
  <testcase classname="PageObjectTest.DemoBlazeTestNG" name="@BeforeMethod getUrl" time="0.0">
    <skipped/>
  </testcase> <!-- @BeforeMethod getUrl -->
  <testcase classname="PageObjectTest.DemoBlazeTestNG" name="@BeforeMethod getUrl" time="0.0">
    <skipped/>
  </testcase> <!-- @BeforeMethod getUrl -->
  <testcase classname="PageObjectTest.DemoBlazeTestNG" name="@BeforeMethod getUrl" time="0.0">
    <skipped/>
  </testcase> <!-- @BeforeMethod getUrl -->
  <testcase classname="PageObjectTest.DemoBlazeTestNG" name="@BeforeMethod getUrl" time="0.0">
    <skipped/>
  </testcase> <!-- @BeforeMethod getUrl -->
  <testcase classname="PageObjectTest.DemoBlazeTestNG" name="@BeforeMethod getUrl" time="0.0">
    <skipped/>
  </testcase> <!-- @BeforeMethod getUrl -->
  <testcase classname="PageObjectTest.DemoBlazeTestNG" name="@BeforeMethod getUrl" time="0.0">
    <skipped/>
  </testcase> <!-- @BeforeMethod getUrl -->
  <testcase classname="PageObjectTest.DemoBlazeTestNG" name="@BeforeMethod getUrl" time="0.0">
    <skipped/>
  </testcase> <!-- @BeforeMethod getUrl -->
  <testcase classname="PageObjectTest.DemoBlazeTestNG" name="@BeforeMethod getUrl" time="0.0">
    <skipped/>
  </testcase> <!-- @BeforeMethod getUrl -->
  <testcase classname="PageObjectTest.DemoBlazeTestNG" name="@BeforeMethod getUrl" time="0.0">
    <skipped/>
  </testcase> <!-- @BeforeMethod getUrl -->
  <testcase classname="PageObjectTest.DemoBlazeTestNG" name="@AfterTest closeBrowser" time="0.0">
    <skipped/>
  </testcase> <!-- @AfterTest closeBrowser -->
  <testcase classname="PageObjectTest.DemoBlazeTestNG" name="Logintest" time="0.001">
    <skipped/>
  </testcase> <!-- Logintest -->
  <testcase classname="PageObjectTest.DemoBlazeTestNG" name="invalidUsernameandPwdTest" time="0.0">
    <skipped/>
  </testcase> <!-- invalidUsernameandPwdTest -->
  <testcase classname="PageObjectTest.DemoBlazeTestNG" name="LoginwithEmptyUserName" time="0.001">
    <skipped/>
  </testcase> <!-- LoginwithEmptyUserName -->
  <testcase classname="PageObjectTest.DemoBlazeTestNG" name="RegisterationFromDB" time="0.0">
    <skipped/>
  </testcase> <!-- RegisterationFromDB -->
  <testcase classname="PageObjectTest.DemoBlazeTestNG" name="RegisterWithExistingUser" time="0.0">
    <skipped/>
  </testcase> <!-- RegisterWithExistingUser -->
  <testcase classname="PageObjectTest.DemoBlazeTestNG" name="RegisterWithEmptyField" time="0.0">
    <skipped/>
  </testcase> <!-- RegisterWithEmptyField -->
  <testcase classname="PageObjectTest.DemoBlazeTestNG" name="LoginAfterEmptyRegistration" time="0.0">
    <skipped/>
  </testcase> <!-- LoginAfterEmptyRegistration -->
  <testcase classname="PageObjectTest.DemoBlazeTestNG" name="AddSingleProducttocart" time="0.0">
    <skipped/>
  </testcase> <!-- AddSingleProducttocart -->
  <testcase classname="PageObjectTest.DemoBlazeTestNG" name="RemoveProductFromCart" time="0.001">
    <skipped/>
  </testcase> <!-- RemoveProductFromCart -->
  <testcase classname="PageObjectTest.DemoBlazeTestNG" name="AddMultipleProdToCart" time="0.0">
    <skipped/>
  </testcase> <!-- AddMultipleProdToCart -->
  <testcase classname="PageObjectTest.DemoBlazeTestNG" name="PlaceOrderWithValidDetails" time="0.001">
    <skipped/>
  </testcase> <!-- PlaceOrderWithValidDetails -->
  <testcase classname="PageObjectTest.DemoBlazeTestNG" name="BrowseProductCatalog" time="0.0">
    <skipped/>
  </testcase> <!-- BrowseProductCatalog -->
  <testcase classname="PageObjectTest.DemoBlazeTestNG" name="navigationTest" time="0.0">
    <skipped/>
  </testcase> <!-- navigationTest -->
</testsuite> <!-- Default test -->
