<?xml version="1.0" encoding="UTF-8"?>
<!-- Generated by org.testng.reporters.JUnitXMLReporter -->
<testsuite ignored="0" hostname="Sakthi" failures="1" tests="14" name="TabletView" time="62.634" errors="0" timestamp="2025-09-22T19:30:41 IST">
  <testcase classname="PageObjectTest.DemoBlazeTestNG" name="Logintest" time="2.837"/>
  <testcase classname="PageObjectTest.DemoBlazeTestNG" name="invalidUsernameandPwdTest" time="2.594"/>
  <testcase classname="PageObjectTest.DemoBlazeTestNG" name="LoginwithEmptyUserName" time="0.693"/>
  <testcase classname="PageObjectTest.DemoBlazeTestNG" name="GetDataFromExcel" time="1.251"/>
  <testcase classname="PageObjectTest.DemoBlazeTestNG" name="RegisterationFromDB" time="2.011"/>
  <testcase classname="PageObjectTest.DemoBlazeTestNG" name="RegisterWithExistingUser" time="2.146"/>
  <testcase classname="PageObjectTest.DemoBlazeTestNG" name="RegisterWithEmptyField" time="1.184"/>
  <testcase classname="PageObjectTest.DemoBlazeTestNG" name="LoginAfterEmptyRegistration" time="1.615"/>
  <testcase classname="PageObjectTest.DemoBlazeTestNG" name="AddSingleProducttocart" time="6.501"/>
  <testcase classname="PageObjectTest.DemoBlazeTestNG" name="RemoveProductFromCart" time="2.062"/>
  <testcase classname="PageObjectTest.DemoBlazeTestNG" name="AddMultipleProdToCart" time="5.64"/>
  <testcase classname="PageObjectTest.DemoBlazeTestNG" name="PlaceOrderWithValidDetails" time="12.095"/>
  <testcase classname="PageObjectTest.DemoBlazeTestNG" name="BrowseProductCatalog" time="2.969"/>
  <testcase classname="PageObjectTest.DemoBlazeTestNG" name="navigationTest" time="12.211">
    <failure type="org.openqa.selenium.TimeoutException" message="Expected condition failed: waiting for element to be clickable: [[ChromeDriver: chrome on windows (0879cfea241f31a7f3d741d15e6e1afb)] -&amp;gt; xpath: //h5[text()=&amp;quot;New message&amp;quot;]/following::button[1]] (tried for 10 second(s) with 500 milliseconds interval)
Build info: version: &amp;apos;4.33.0&amp;apos;, revision: &amp;apos;2c6aaad03a&amp;apos;
System info: os.name: &amp;apos;Windows 11&amp;apos;, os.arch: &amp;apos;amd64&amp;apos;, os.version: &amp;apos;10.0&amp;apos;, java.version: &amp;apos;21.0.7&amp;apos;
Driver info: org.openqa.selenium.chrome.ChromeDriver
Capabilities {acceptInsecureCerts: false, browserName: chrome, browserVersion: 140.0.7339.129, chrome: {chromedriverVersion: 140.0.7339.185 (eeea00e459e..., userDataDir: C:\Users\srisa\AppData\Loca...}, fedcm:accounts: true, goog:chromeOptions: {debuggerAddress: localhost:58532}, networkConnectionEnabled: false, pageLoadStrategy: normal, platformName: windows, proxy: Proxy(), se:cdp: ws://localhost:58532/devtoo..., se:cdpVersion: 140.0.7339.129, setWindowRect: true, strictFileInteractability: false, timeouts: {implicit: 0, pageLoad: 300000, script: 30000}, unhandledPromptBehavior: dismiss and notify, webauthn:extension:credBlob: true, webauthn:extension:largeBlob: true, webauthn:extension:minPinLength: true, webauthn:extension:prf: true, webauthn:virtualAuthenticators: true}
Session ID: 0879cfea241f31a7f3d741d15e6e1afb">
      <![CDATA[org.openqa.selenium.TimeoutException: Expected condition failed: waiting for element to be clickable: [[ChromeDriver: chrome on windows (0879cfea241f31a7f3d741d15e6e1afb)] -> xpath: //h5[text()="New message"]/following::button[1]] (tried for 10 second(s) with 500 milliseconds interval)
Build info: version: '4.33.0', revision: '2c6aaad03a'
System info: os.name: 'Windows 11', os.arch: 'amd64', os.version: '10.0', java.version: '21.0.7'
Driver info: org.openqa.selenium.chrome.ChromeDriver
Capabilities {acceptInsecureCerts: false, browserName: chrome, browserVersion: 140.0.7339.129, chrome: {chromedriverVersion: 140.0.7339.185 (eeea00e459e..., userDataDir: C:\Users\srisa\AppData\Loca...}, fedcm:accounts: true, goog:chromeOptions: {debuggerAddress: localhost:58532}, networkConnectionEnabled: false, pageLoadStrategy: normal, platformName: windows, proxy: Proxy(), se:cdp: ws://localhost:58532/devtoo..., se:cdpVersion: 140.0.7339.129, setWindowRect: true, strictFileInteractability: false, timeouts: {implicit: 0, pageLoad: 300000, script: 30000}, unhandledPromptBehavior: dismiss and notify, webauthn:extension:credBlob: true, webauthn:extension:largeBlob: true, webauthn:extension:minPinLength: true, webauthn:extension:prf: true, webauthn:virtualAuthenticators: true}
Session ID: 0879cfea241f31a7f3d741d15e6e1afb
at org.openqa.selenium.support.ui.WebDriverWait.timeoutException(WebDriverWait.java:84)
at org.openqa.selenium.support.ui.FluentWait.until(FluentWait.java:228)
at PageObjectEcommerce.CommonPage.NavigationUsingNavbar(CommonPage.java:72)
at PageObjectTest.DemoBlazeTestNG.navigationTest(DemoBlazeTestNG.java:180)
at java.base/java.util.ArrayList.forEach(ArrayList.java:1596)
... Removed 25 stack frames]]>
    </failure>
  </testcase> <!-- navigationTest -->
</testsuite> <!-- TabletView -->
