<!DOCTYPE html PUBLIC "-//W3C//DTD XHTML 1.1//EN" "https://www.w3.org/TR/xhtml11/DTD/xhtml11.dtd">
<html xmlns="https://www.w3.org/1999/xhtml">
<head>
<meta http-equiv="content-type" content="text/html; charset=UTF-8"/>
<title>TestNG Report</title>
<style type="text/css">table {margin-bottom:10px;border-collapse:collapse;empty-cells:show}th,td {border:1px solid #009;padding:.25em .5em}th {vertical-align:bottom}td {vertical-align:top}table a {font-weight:bold}.stripe td {background-color: #E6EBF9}.num {text-align:right}.passedodd td {background-color: #3F3}.passedeven td {background-color: #0A0}.skippedodd td {background-color: #DDD}.skippedeven td {background-color: #CCC}.failedodd td,.attn {background-color: #F33}.failedeven td,.stripe .attn {background-color: #D00}.stacktrace {white-space:pre;font-family:monospace}.totop {font-size:85%;text-align:center;border-bottom:2px solid #000}.invisible {display:none}</style>
</head>
<body>
<table>
<tr><th>Test</th><th># Passed</th><th># Skipped</th><th># Retried</th><th># Failed</th><th>Time (ms)</th><th>Included Groups</th><th>Excluded Groups</th></tr>
<tr><th colspan="8">DemoBlazeSuite</th></tr>
<tr><td><a href="#t0">TabletView</a></td><td class="num">13</td><td class="num">0</td><td class="num">0</td><td class="num attn">1</td><td class="num">62,634</td><td></td><td></td></tr>
<tr class="stripe"><td><a href="#t1">MobileView</a></td><td class="num">8</td><td class="num attn">1</td><td class="num">0</td><td class="num attn">5</td><td class="num">118,343</td><td></td><td></td></tr>
<tr><td><a href="#t2">MaximizeView</a></td><td class="num">14</td><td class="num">0</td><td class="num">0</td><td class="num">0</td><td class="num">50,222</td><td></td><td></td></tr>
<tr><th>Total</th><th class="num">35</th><th class="num attn">1</th><th class="num">0</th><th class="num attn">6</th><th class="num">231,199</th><th colspan="2"></th></tr>
</table>
<table id='summary'><thead><tr><th>Class</th><th>Method</th><th>Start</th><th>Time (ms)</th></tr></thead><tbody><tr><th colspan="4">DemoBlazeSuite</th></tr></tbody><tbody id="t0"><tr><th colspan="4">TabletView &#8212; failed</th></tr><tr class="failedeven"><td rowspan="1">PageObjectTest.DemoBlazeTestNG</td><td><a href="#m0">navigationTest</a></td><td rowspan="1">1758549628532</td><td rowspan="1">12211</td></tr><tr><th colspan="4">TabletView &#8212; passed</th></tr><tr class="passedeven"><td rowspan="13">PageObjectTest.DemoBlazeTestNG</td><td><a href="#m1">AddMultipleProdToCart</a></td><td rowspan="1">1758549606973</td><td rowspan="1">5640</td></tr><tr class="passedeven"><td><a href="#m2">AddSingleProducttocart</a></td><td rowspan="1">1758549598261</td><td rowspan="1">6501</td></tr><tr class="passedeven"><td><a href="#m3">BrowseProductCatalog</a></td><td rowspan="1">1758549625474</td><td rowspan="1">2969</td></tr><tr class="passedeven"><td><a href="#m4">GetDataFromExcel</a></td><td rowspan="1">1758549588652</td><td rowspan="1">1251</td></tr><tr class="passedeven"><td><a href="#m5">LoginAfterEmptyRegistration</a></td><td rowspan="1">1758549596303</td><td rowspan="1">1615</td></tr><tr class="passedeven"><td><a href="#m6">Logintest</a></td><td rowspan="1">1758549581998</td><td rowspan="1">2837</td></tr><tr class="passedeven"><td><a href="#m7">LoginwithEmptyUserName</a></td><td rowspan="1">1758549587861</td><td rowspan="1">693</td></tr><tr class="passedeven"><td><a href="#m8">PlaceOrderWithValidDetails</a></td><td rowspan="1">1758549613043</td><td rowspan="1">12095</td></tr><tr class="passedeven"><td><a href="#m9">RegisterWithEmptyField</a></td><td rowspan="1">1758549595014</td><td rowspan="1">1184</td></tr><tr class="passedeven"><td><a href="#m10">RegisterWithExistingUser</a></td><td rowspan="1">1758549592395</td><td rowspan="1">2146</td></tr><tr class="passedeven"><td><a href="#m11">RegisterationFromDB</a></td><td rowspan="1">1758549589990</td><td rowspan="1">2011</td></tr><tr class="passedeven"><td><a href="#m12">RemoveProductFromCart</a></td><td rowspan="1">1758549604808</td><td rowspan="1">2062</td></tr><tr class="passedeven"><td><a href="#m13">invalidUsernameandPwdTest</a></td><td rowspan="1">1758549584966</td><td rowspan="1">2594</td></tr></tbody>
<tbody id="t1"><tr><th colspan="4">MobileView &#8212; failed</th></tr><tr class="failedeven"><td rowspan="5">PageObjectTest.DemoBlazeTestNG</td><td><a href="#m14">LoginwithEmptyUserName</a></td><td rowspan="1">1758549650304</td><td rowspan="1">11014</td></tr><tr class="failedeven"><td><a href="#m15">PlaceOrderWithValidDetails</a></td><td rowspan="1">1758549724474</td><td rowspan="1">17438</td></tr><tr class="failedeven"><td><a href="#m16">RegisterWithEmptyField</a></td><td rowspan="1">1758549687436</td><td rowspan="1">20258</td></tr><tr class="failedeven"><td><a href="#m17">RegisterWithExistingUser</a></td><td rowspan="1">1758549665362</td><td rowspan="1">20264</td></tr><tr class="failedeven"><td><a href="#m18">navigationTest</a></td><td rowspan="1">1758549746947</td><td rowspan="1">12231</td></tr><tr><th colspan="4">MobileView &#8212; skipped</th></tr><tr class="skippedeven"><td rowspan="1">PageObjectTest.DemoBlazeTestNG</td><td><a href="#m19">LoginAfterEmptyRegistration</a></td><td rowspan="1">1758549707698</td><td rowspan="1">0</td></tr><tr><th colspan="4">MobileView &#8212; passed</th></tr><tr class="passedeven"><td rowspan="8">PageObjectTest.DemoBlazeTestNG</td><td><a href="#m20">AddMultipleProdToCart</a></td><td rowspan="1">1758549717524</td><td rowspan="1">6588</td></tr><tr class="passedeven"><td><a href="#m21">AddSingleProducttocart</a></td><td rowspan="1">1758549709491</td><td rowspan="1">6071</td></tr><tr class="passedeven"><td><a href="#m22">BrowseProductCatalog</a></td><td rowspan="1">1758549743630</td><td rowspan="1">3238</td></tr><tr class="passedeven"><td><a href="#m23">GetDataFromExcel</a></td><td rowspan="1">1758549663181</td><td rowspan="1">62</td></tr><tr class="passedeven"><td><a href="#m24">Logintest</a></td><td rowspan="1">1758549643788</td><td rowspan="1">3341</td></tr><tr class="passedeven"><td><a href="#m25">RegisterationFromDB</a></td><td rowspan="1">1758549663323</td><td rowspan="1">1953</td></tr><tr class="passedeven"><td><a href="#m26">RemoveProductFromCart</a></td><td rowspan="1">1758549715645</td><td rowspan="1">1800</td></tr><tr class="passedeven"><td><a href="#m27">invalidUsernameandPwdTest</a></td><td rowspan="1">1758549647220</td><td rowspan="1">3011</td></tr></tbody>
<tbody id="t2"><tr><th colspan="4">MaximizeView &#8212; passed</th></tr><tr class="passedeven"><td rowspan="14">PageObjectTest.DemoBlazeTestNG</td><td><a href="#m28">AddMultipleProdToCart</a></td><td rowspan="1">1758549784999</td><td rowspan="1">4798</td></tr><tr class="passedeven"><td><a href="#m29">AddSingleProducttocart</a></td><td rowspan="1">1758549776441</td><td rowspan="1">6332</td></tr><tr class="passedeven"><td><a href="#m30">BrowseProductCatalog</a></td><td rowspan="1">1758549801554</td><td rowspan="1">3062</td></tr><tr class="passedeven"><td><a href="#m31">GetDataFromExcel</a></td><td rowspan="1">1758549768422</td><td rowspan="1">108</td></tr><tr class="passedeven"><td><a href="#m32">LoginAfterEmptyRegistration</a></td><td rowspan="1">1758549774756</td><td rowspan="1">1497</td></tr><tr class="passedeven"><td><a href="#m33">Logintest</a></td><td rowspan="1">1758549761759</td><td rowspan="1">3154</td></tr><tr class="passedeven"><td><a href="#m34">LoginwithEmptyUserName</a></td><td rowspan="1">1758549767652</td><td rowspan="1">673</td></tr><tr class="passedeven"><td><a href="#m35">PlaceOrderWithValidDetails</a></td><td rowspan="1">1758549790196</td><td rowspan="1">10961</td></tr><tr class="passedeven"><td><a href="#m36">RegisterWithEmptyField</a></td><td rowspan="1">1758549773249</td><td rowspan="1">1139</td></tr><tr class="passedeven"><td><a href="#m37">RegisterWithExistingUser</a></td><td rowspan="1">1758549770645</td><td rowspan="1">2189</td></tr><tr class="passedeven"><td><a href="#m38">RegisterationFromDB</a></td><td rowspan="1">1758549768675</td><td rowspan="1">1621</td></tr><tr class="passedeven"><td><a href="#m39">RemoveProductFromCart</a></td><td rowspan="1">1758549782868</td><td rowspan="1">1767</td></tr><tr class="passedeven"><td><a href="#m40">invalidUsernameandPwdTest</a></td><td rowspan="1">1758549765061</td><td rowspan="1">2499</td></tr><tr class="passedeven"><td><a href="#m41">navigationTest</a></td><td rowspan="1">1758549804744</td><td rowspan="1">4570</td></tr></tbody>
</table>
<h2>TabletView</h2><h3 id="m0">PageObjectTest.DemoBlazeTestNG#navigationTest</h3><table class="result"><tr><th>Exception</th></tr><tr><td><div class="stacktrace">org.openqa.selenium.TimeoutException: Expected condition failed: waiting for element to be clickable: [[ChromeDriver: chrome on windows (0879cfea241f31a7f3d741d15e6e1afb)] -&gt; xpath: //h5[text()=&quot;New message&quot;]/following::button[1]] (tried for 10 second(s) with 500 milliseconds interval)
Build info: version: &apos;4.33.0&apos;, revision: &apos;2c6aaad03a&apos;
System info: os.name: &apos;Windows 11&apos;, os.arch: &apos;amd64&apos;, os.version: &apos;10.0&apos;, java.version: &apos;21.0.7&apos;
Driver info: org.openqa.selenium.chrome.ChromeDriver
Capabilities {acceptInsecureCerts: false, browserName: chrome, browserVersion: 140.0.7339.129, chrome: {chromedriverVersion: 140.0.7339.185 (eeea00e459e..., userDataDir: C:\Users\srisa\AppData\Loca...}, fedcm:accounts: true, goog:chromeOptions: {debuggerAddress: localhost:58532}, networkConnectionEnabled: false, pageLoadStrategy: normal, platformName: windows, proxy: Proxy(), se:cdp: ws://localhost:58532/devtoo..., se:cdpVersion: 140.0.7339.129, setWindowRect: true, strictFileInteractability: false, timeouts: {implicit: 0, pageLoad: 300000, script: 30000}, unhandledPromptBehavior: dismiss and notify, webauthn:extension:credBlob: true, webauthn:extension:largeBlob: true, webauthn:extension:minPinLength: true, webauthn:extension:prf: true, webauthn:virtualAuthenticators: true}
Session ID: 0879cfea241f31a7f3d741d15e6e1afb
	at org.openqa.selenium.support.ui.WebDriverWait.timeoutException(WebDriverWait.java:84)
	at org.openqa.selenium.support.ui.FluentWait.until(FluentWait.java:228)
	at PageObjectEcommerce.CommonPage.NavigationUsingNavbar(CommonPage.java:72)
	at PageObjectTest.DemoBlazeTestNG.navigationTest(DemoBlazeTestNG.java:180)
	at java.base/java.util.ArrayList.forEach(ArrayList.java:1596)
... Removed 25 stack frames</div></td></tr></table><p class="totop"><a href="#summary">back to summary</a></p>
<h3 id="m1">PageObjectTest.DemoBlazeTestNG#AddMultipleProdToCart</h3><table class="result"><tr><th class="invisible"/></tr></table><p class="totop"><a href="#summary">back to summary</a></p>
<h3 id="m2">PageObjectTest.DemoBlazeTestNG#AddSingleProducttocart</h3><table class="result"><tr><th class="invisible"/></tr></table><p class="totop"><a href="#summary">back to summary</a></p>
<h3 id="m3">PageObjectTest.DemoBlazeTestNG#BrowseProductCatalog</h3><table class="result"><tr><th class="invisible"/></tr></table><p class="totop"><a href="#summary">back to summary</a></p>
<h3 id="m4">PageObjectTest.DemoBlazeTestNG#GetDataFromExcel</h3><table class="result"><tr><th class="invisible"/></tr></table><p class="totop"><a href="#summary">back to summary</a></p>
<h3 id="m5">PageObjectTest.DemoBlazeTestNG#LoginAfterEmptyRegistration</h3><table class="result"><tr><th class="invisible"/></tr></table><p class="totop"><a href="#summary">back to summary</a></p>
<h3 id="m6">PageObjectTest.DemoBlazeTestNG#Logintest</h3><table class="result"><tr><th class="invisible"/></tr></table><p class="totop"><a href="#summary">back to summary</a></p>
<h3 id="m7">PageObjectTest.DemoBlazeTestNG#LoginwithEmptyUserName</h3><table class="result"><tr><th class="invisible"/></tr></table><p class="totop"><a href="#summary">back to summary</a></p>
<h3 id="m8">PageObjectTest.DemoBlazeTestNG#PlaceOrderWithValidDetails</h3><table class="result"><tr><th class="invisible"/></tr></table><p class="totop"><a href="#summary">back to summary</a></p>
<h3 id="m9">PageObjectTest.DemoBlazeTestNG#RegisterWithEmptyField</h3><table class="result"><tr><th class="invisible"/></tr></table><p class="totop"><a href="#summary">back to summary</a></p>
<h3 id="m10">PageObjectTest.DemoBlazeTestNG#RegisterWithExistingUser</h3><table class="result"><tr><th class="invisible"/></tr></table><p class="totop"><a href="#summary">back to summary</a></p>
<h3 id="m11">PageObjectTest.DemoBlazeTestNG#RegisterationFromDB</h3><table class="result"><tr><th class="invisible"/></tr></table><p class="totop"><a href="#summary">back to summary</a></p>
<h3 id="m12">PageObjectTest.DemoBlazeTestNG#RemoveProductFromCart</h3><table class="result"><tr><th class="invisible"/></tr></table><p class="totop"><a href="#summary">back to summary</a></p>
<h3 id="m13">PageObjectTest.DemoBlazeTestNG#invalidUsernameandPwdTest</h3><table class="result"><tr><th class="invisible"/></tr></table><p class="totop"><a href="#summary">back to summary</a></p>
<h2>MobileView</h2><h3 id="m14">PageObjectTest.DemoBlazeTestNG#LoginwithEmptyUserName</h3><table class="result"><tr><th>Exception</th></tr><tr><td><div class="stacktrace">org.openqa.selenium.TimeoutException: Expected condition failed: waiting for element to be clickable: [[ChromeDriver: chrome on windows (3eff1faba98c5499962457125729c959)] -&gt; xpath: //div[@Id=&quot;logInModal&quot;]//div[@class=&apos;modal-footer&apos;]//button[1]] (tried for 10 second(s) with 500 milliseconds interval)
Build info: version: &apos;4.33.0&apos;, revision: &apos;2c6aaad03a&apos;
System info: os.name: &apos;Windows 11&apos;, os.arch: &apos;amd64&apos;, os.version: &apos;10.0&apos;, java.version: &apos;21.0.7&apos;
Driver info: org.openqa.selenium.chrome.ChromeDriver
Capabilities {acceptInsecureCerts: false, browserName: chrome, browserVersion: 140.0.7339.129, chrome: {chromedriverVersion: 140.0.7339.185 (eeea00e459e..., userDataDir: C:\Users\srisa\AppData\Loca...}, fedcm:accounts: true, goog:chromeOptions: {debuggerAddress: localhost:54388}, networkConnectionEnabled: false, pageLoadStrategy: normal, platformName: windows, proxy: Proxy(), se:cdp: ws://localhost:54388/devtoo..., se:cdpVersion: 140.0.7339.129, setWindowRect: true, strictFileInteractability: false, timeouts: {implicit: 0, pageLoad: 300000, script: 30000}, unhandledPromptBehavior: dismiss and notify, webauthn:extension:credBlob: true, webauthn:extension:largeBlob: true, webauthn:extension:minPinLength: true, webauthn:extension:prf: true, webauthn:virtualAuthenticators: true}
Session ID: 3eff1faba98c5499962457125729c959
	at org.openqa.selenium.support.ui.WebDriverWait.timeoutException(WebDriverWait.java:84)
	at org.openqa.selenium.support.ui.FluentWait.until(FluentWait.java:228)
	at PageObjectEcommerce.LoginPage.doLoginWithoutUserName(LoginPage.java:62)
	at PageObjectTest.DemoBlazeTestNG.LoginwithEmptyUserName(DemoBlazeTestNG.java:98)
	at java.base/java.util.ArrayList.forEach(ArrayList.java:1596)
... Removed 25 stack frames</div></td></tr></table><p class="totop"><a href="#summary">back to summary</a></p>
<h3 id="m15">PageObjectTest.DemoBlazeTestNG#PlaceOrderWithValidDetails</h3><table class="result"><tr><th>Exception</th></tr><tr><td><div class="stacktrace">org.openqa.selenium.TimeoutException: Expected condition failed: waiting for element to be clickable: [[ChromeDriver: chrome on windows (3eff1faba98c5499962457125729c959)] -&gt; xpath: //input[@id=&quot;name&quot;]] (tried for 10 second(s) with 500 milliseconds interval)
Build info: version: &apos;4.33.0&apos;, revision: &apos;2c6aaad03a&apos;
System info: os.name: &apos;Windows 11&apos;, os.arch: &apos;amd64&apos;, os.version: &apos;10.0&apos;, java.version: &apos;21.0.7&apos;
Driver info: org.openqa.selenium.chrome.ChromeDriver
Capabilities {acceptInsecureCerts: false, browserName: chrome, browserVersion: 140.0.7339.129, chrome: {chromedriverVersion: 140.0.7339.185 (eeea00e459e..., userDataDir: C:\Users\srisa\AppData\Loca...}, fedcm:accounts: true, goog:chromeOptions: {debuggerAddress: localhost:54388}, networkConnectionEnabled: false, pageLoadStrategy: normal, platformName: windows, proxy: Proxy(), se:cdp: ws://localhost:54388/devtoo..., se:cdpVersion: 140.0.7339.129, setWindowRect: true, strictFileInteractability: false, timeouts: {implicit: 0, pageLoad: 300000, script: 30000}, unhandledPromptBehavior: dismiss and notify, webauthn:extension:credBlob: true, webauthn:extension:largeBlob: true, webauthn:extension:minPinLength: true, webauthn:extension:prf: true, webauthn:virtualAuthenticators: true}
Session ID: 3eff1faba98c5499962457125729c959
	at org.openqa.selenium.support.ui.WebDriverWait.timeoutException(WebDriverWait.java:84)
	at org.openqa.selenium.support.ui.FluentWait.until(FluentWait.java:228)
	at PageObjectEcommerce.OrderFunctionality.placeOrderwithvalidDetails(OrderFunctionality.java:61)
	at PageObjectTest.DemoBlazeTestNG.PlaceOrderWithValidDetails(DemoBlazeTestNG.java:169)
	at java.base/java.util.ArrayList.forEach(ArrayList.java:1596)
... Removed 25 stack frames</div></td></tr></table><p class="totop"><a href="#summary">back to summary</a></p>
<h3 id="m16">PageObjectTest.DemoBlazeTestNG#RegisterWithEmptyField</h3><table class="result"><tr><th>Exception</th></tr><tr><td><div class="stacktrace">org.openqa.selenium.TimeoutException: Expected condition failed: waiting for visibility of [[ChromeDriver: chrome on windows (3eff1faba98c5499962457125729c959)] -&gt; xpath: //input[@id=&apos;sign-username&apos;]] (tried for 20 second(s) with 500 milliseconds interval)
Build info: version: &apos;4.33.0&apos;, revision: &apos;2c6aaad03a&apos;
System info: os.name: &apos;Windows 11&apos;, os.arch: &apos;amd64&apos;, os.version: &apos;10.0&apos;, java.version: &apos;21.0.7&apos;
Driver info: org.openqa.selenium.chrome.ChromeDriver
Capabilities {acceptInsecureCerts: false, browserName: chrome, browserVersion: 140.0.7339.129, chrome: {chromedriverVersion: 140.0.7339.185 (eeea00e459e..., userDataDir: C:\Users\srisa\AppData\Loca...}, fedcm:accounts: true, goog:chromeOptions: {debuggerAddress: localhost:54388}, networkConnectionEnabled: false, pageLoadStrategy: normal, platformName: windows, proxy: Proxy(), se:cdp: ws://localhost:54388/devtoo..., se:cdpVersion: 140.0.7339.129, setWindowRect: true, strictFileInteractability: false, timeouts: {implicit: 0, pageLoad: 300000, script: 30000}, unhandledPromptBehavior: dismiss and notify, webauthn:extension:credBlob: true, webauthn:extension:largeBlob: true, webauthn:extension:minPinLength: true, webauthn:extension:prf: true, webauthn:virtualAuthenticators: true}
Session ID: 3eff1faba98c5499962457125729c959
	at org.openqa.selenium.support.ui.WebDriverWait.timeoutException(WebDriverWait.java:84)
	at org.openqa.selenium.support.ui.FluentWait.until(FluentWait.java:228)
	at PageObjectEcommerce.RegistrationPage.SignUpWithEmptyField(RegistrationPage.java:65)
	at PageObjectTest.DemoBlazeTestNG.RegisterWithEmptyField(DemoBlazeTestNG.java:137)
	at java.base/java.util.ArrayList.forEach(ArrayList.java:1596)
... Removed 25 stack frames</div></td></tr></table><p class="totop"><a href="#summary">back to summary</a></p>
<h3 id="m17">PageObjectTest.DemoBlazeTestNG#RegisterWithExistingUser</h3><table class="result"><tr><th>Exception</th></tr><tr><td><div class="stacktrace">org.openqa.selenium.TimeoutException: Expected condition failed: waiting for visibility of element located by By.id: signInModal (tried for 20 second(s) with 500 milliseconds interval)
Build info: version: &apos;4.33.0&apos;, revision: &apos;2c6aaad03a&apos;
System info: os.name: &apos;Windows 11&apos;, os.arch: &apos;amd64&apos;, os.version: &apos;10.0&apos;, java.version: &apos;21.0.7&apos;
Driver info: org.openqa.selenium.chrome.ChromeDriver
Capabilities {acceptInsecureCerts: false, browserName: chrome, browserVersion: 140.0.7339.129, chrome: {chromedriverVersion: 140.0.7339.185 (eeea00e459e..., userDataDir: C:\Users\srisa\AppData\Loca...}, fedcm:accounts: true, goog:chromeOptions: {debuggerAddress: localhost:54388}, networkConnectionEnabled: false, pageLoadStrategy: normal, platformName: windows, proxy: Proxy(), se:cdp: ws://localhost:54388/devtoo..., se:cdpVersion: 140.0.7339.129, setWindowRect: true, strictFileInteractability: false, timeouts: {implicit: 0, pageLoad: 300000, script: 30000}, unhandledPromptBehavior: dismiss and notify, webauthn:extension:credBlob: true, webauthn:extension:largeBlob: true, webauthn:extension:minPinLength: true, webauthn:extension:prf: true, webauthn:virtualAuthenticators: true}
Session ID: 3eff1faba98c5499962457125729c959
	at org.openqa.selenium.support.ui.WebDriverWait.timeoutException(WebDriverWait.java:84)
	at org.openqa.selenium.support.ui.FluentWait.until(FluentWait.java:228)
	at PageObjectEcommerce.RegistrationPage.RegisterationWithexistingUSer(RegistrationPage.java:53)
	at PageObjectTest.DemoBlazeTestNG.RegisterWithExistingUser(DemoBlazeTestNG.java:126)
	at java.base/java.util.ArrayList.forEach(ArrayList.java:1596)
... Removed 25 stack frames</div></td></tr></table><p class="totop"><a href="#summary">back to summary</a></p>
<h3 id="m18">PageObjectTest.DemoBlazeTestNG#navigationTest</h3><table class="result"><tr><th>Exception</th></tr><tr><td><div class="stacktrace">org.openqa.selenium.TimeoutException: Expected condition failed: waiting for element to be clickable: [[ChromeDriver: chrome on windows (3eff1faba98c5499962457125729c959)] -&gt; xpath: //h5[text()=&quot;New message&quot;]/following::button[1]] (tried for 10 second(s) with 500 milliseconds interval)
Build info: version: &apos;4.33.0&apos;, revision: &apos;2c6aaad03a&apos;
System info: os.name: &apos;Windows 11&apos;, os.arch: &apos;amd64&apos;, os.version: &apos;10.0&apos;, java.version: &apos;21.0.7&apos;
Driver info: org.openqa.selenium.chrome.ChromeDriver
Capabilities {acceptInsecureCerts: false, browserName: chrome, browserVersion: 140.0.7339.129, chrome: {chromedriverVersion: 140.0.7339.185 (eeea00e459e..., userDataDir: C:\Users\srisa\AppData\Loca...}, fedcm:accounts: true, goog:chromeOptions: {debuggerAddress: localhost:54388}, networkConnectionEnabled: false, pageLoadStrategy: normal, platformName: windows, proxy: Proxy(), se:cdp: ws://localhost:54388/devtoo..., se:cdpVersion: 140.0.7339.129, setWindowRect: true, strictFileInteractability: false, timeouts: {implicit: 0, pageLoad: 300000, script: 30000}, unhandledPromptBehavior: dismiss and notify, webauthn:extension:credBlob: true, webauthn:extension:largeBlob: true, webauthn:extension:minPinLength: true, webauthn:extension:prf: true, webauthn:virtualAuthenticators: true}
Session ID: 3eff1faba98c5499962457125729c959
	at org.openqa.selenium.support.ui.WebDriverWait.timeoutException(WebDriverWait.java:84)
	at org.openqa.selenium.support.ui.FluentWait.until(FluentWait.java:228)
	at PageObjectEcommerce.CommonPage.NavigationUsingNavbar(CommonPage.java:72)
	at PageObjectTest.DemoBlazeTestNG.navigationTest(DemoBlazeTestNG.java:180)
	at java.base/java.util.ArrayList.forEach(ArrayList.java:1596)
... Removed 25 stack frames</div></td></tr></table><p class="totop"><a href="#summary">back to summary</a></p>
<h3 id="m19">PageObjectTest.DemoBlazeTestNG#LoginAfterEmptyRegistration</h3><table class="result"><tr><th>Exception</th></tr><tr><td><div class="stacktrace">java.lang.Throwable: Method PageObjectTest.DemoBlazeTestNG.LoginAfterEmptyRegistration() on instance PageObjectTest.DemoBlazeTestNG@5f8edcc5 depends on not successfully finished methods 
[PageObjectTest.DemoBlazeTestNG.RegisterWithEmptyField() on instance PageObjectTest.DemoBlazeTestNG@5f8edcc5]
	at java.base/java.util.ArrayList.forEach(ArrayList.java:1596)
... Removed 18 stack frames</div></td></tr></table><p class="totop"><a href="#summary">back to summary</a></p>
<h3 id="m20">PageObjectTest.DemoBlazeTestNG#AddMultipleProdToCart</h3><table class="result"><tr><th class="invisible"/></tr></table><p class="totop"><a href="#summary">back to summary</a></p>
<h3 id="m21">PageObjectTest.DemoBlazeTestNG#AddSingleProducttocart</h3><table class="result"><tr><th class="invisible"/></tr></table><p class="totop"><a href="#summary">back to summary</a></p>
<h3 id="m22">PageObjectTest.DemoBlazeTestNG#BrowseProductCatalog</h3><table class="result"><tr><th class="invisible"/></tr></table><p class="totop"><a href="#summary">back to summary</a></p>
<h3 id="m23">PageObjectTest.DemoBlazeTestNG#GetDataFromExcel</h3><table class="result"><tr><th class="invisible"/></tr></table><p class="totop"><a href="#summary">back to summary</a></p>
<h3 id="m24">PageObjectTest.DemoBlazeTestNG#Logintest</h3><table class="result"><tr><th class="invisible"/></tr></table><p class="totop"><a href="#summary">back to summary</a></p>
<h3 id="m25">PageObjectTest.DemoBlazeTestNG#RegisterationFromDB</h3><table class="result"><tr><th class="invisible"/></tr></table><p class="totop"><a href="#summary">back to summary</a></p>
<h3 id="m26">PageObjectTest.DemoBlazeTestNG#RemoveProductFromCart</h3><table class="result"><tr><th class="invisible"/></tr></table><p class="totop"><a href="#summary">back to summary</a></p>
<h3 id="m27">PageObjectTest.DemoBlazeTestNG#invalidUsernameandPwdTest</h3><table class="result"><tr><th class="invisible"/></tr></table><p class="totop"><a href="#summary">back to summary</a></p>
<h2>MaximizeView</h2><h3 id="m28">PageObjectTest.DemoBlazeTestNG#AddMultipleProdToCart</h3><table class="result"><tr><th class="invisible"/></tr></table><p class="totop"><a href="#summary">back to summary</a></p>
<h3 id="m29">PageObjectTest.DemoBlazeTestNG#AddSingleProducttocart</h3><table class="result"><tr><th class="invisible"/></tr></table><p class="totop"><a href="#summary">back to summary</a></p>
<h3 id="m30">PageObjectTest.DemoBlazeTestNG#BrowseProductCatalog</h3><table class="result"><tr><th class="invisible"/></tr></table><p class="totop"><a href="#summary">back to summary</a></p>
<h3 id="m31">PageObjectTest.DemoBlazeTestNG#GetDataFromExcel</h3><table class="result"><tr><th class="invisible"/></tr></table><p class="totop"><a href="#summary">back to summary</a></p>
<h3 id="m32">PageObjectTest.DemoBlazeTestNG#LoginAfterEmptyRegistration</h3><table class="result"><tr><th class="invisible"/></tr></table><p class="totop"><a href="#summary">back to summary</a></p>
<h3 id="m33">PageObjectTest.DemoBlazeTestNG#Logintest</h3><table class="result"><tr><th class="invisible"/></tr></table><p class="totop"><a href="#summary">back to summary</a></p>
<h3 id="m34">PageObjectTest.DemoBlazeTestNG#LoginwithEmptyUserName</h3><table class="result"><tr><th class="invisible"/></tr></table><p class="totop"><a href="#summary">back to summary</a></p>
<h3 id="m35">PageObjectTest.DemoBlazeTestNG#PlaceOrderWithValidDetails</h3><table class="result"><tr><th class="invisible"/></tr></table><p class="totop"><a href="#summary">back to summary</a></p>
<h3 id="m36">PageObjectTest.DemoBlazeTestNG#RegisterWithEmptyField</h3><table class="result"><tr><th class="invisible"/></tr></table><p class="totop"><a href="#summary">back to summary</a></p>
<h3 id="m37">PageObjectTest.DemoBlazeTestNG#RegisterWithExistingUser</h3><table class="result"><tr><th class="invisible"/></tr></table><p class="totop"><a href="#summary">back to summary</a></p>
<h3 id="m38">PageObjectTest.DemoBlazeTestNG#RegisterationFromDB</h3><table class="result"><tr><th class="invisible"/></tr></table><p class="totop"><a href="#summary">back to summary</a></p>
<h3 id="m39">PageObjectTest.DemoBlazeTestNG#RemoveProductFromCart</h3><table class="result"><tr><th class="invisible"/></tr></table><p class="totop"><a href="#summary">back to summary</a></p>
<h3 id="m40">PageObjectTest.DemoBlazeTestNG#invalidUsernameandPwdTest</h3><table class="result"><tr><th class="invisible"/></tr></table><p class="totop"><a href="#summary">back to summary</a></p>
<h3 id="m41">PageObjectTest.DemoBlazeTestNG#navigationTest</h3><table class="result"><tr><th class="invisible"/></tr></table><p class="totop"><a href="#summary">back to summary</a></p>
</body>
</html>
